This is pdfTeX, Version 3.14159265-2.6-1.40.16 (MiKTeX 2.9 64-bit) (preloaded format=pdflatex 2015.11.11)  11 NOV 2015 11:37
entering extended mode
**Vignette_new.tex
(Vignette_new.tex
LaTeX2e <2015/01/01> patch level 2
Babel <3.9m> and hyphenation patterns for 69 languages loaded.
(C:\Users\de.student\Desktop\NEW\tex\latex\tufte-latex\tufte-book.cls
Document Class: tufte-book 2015/06/21 v3.5.2 Tufte-book class
(C:\Users\de.student\Desktop\NEW\tex\latex\tufte-latex\tufte-common.def
File: tufte-common.def 2015/06/21 v3.5.2 Common code for the Tufte-LaTeX styles


(C:\Users\de.student\Desktop\NEW\tex\latex\xkeyval\xkeyval.sty
Package: xkeyval 2014/12/03 v2.7a package option processing (HA)

(C:\Users\de.student\Desktop\NEW\tex\generic\xkeyval\xkeyval.tex
(C:\Users\de.student\Desktop\NEW\tex\generic\xkeyval\xkvutils.tex
\XKV@toks=\toks14
\XKV@tempa@toks=\toks15

(C:\Users\de.student\Desktop\NEW\tex\generic\xkeyval\keyval.tex))
\XKV@depth=\count79
File: xkeyval.tex 2014/12/03 v2.7a key=value parser (HA)
))
(C:\Users\de.student\Desktop\NEW\tex\latex\xifthen\xifthen.sty
Package: xifthen 2009/04/17 v1.3 Extended ifthen features

(C:\Users\de.student\Desktop\NEW\tex\latex\misc\etex.sty
Package: etex 2015/07/08 v2.3 eTeX basic definition package (PEB,DPC)
\et@xins=\count80
)
(C:\Users\de.student\Desktop\NEW\tex\latex\tools\calc.sty
Package: calc 2014/10/28 v4.3 Infix arithmetic (KKT,FJ)
\calc@Acount=\count81
\calc@Bcount=\count82
\calc@Adimen=\dimen102
\calc@Bdimen=\dimen103
\calc@Askip=\skip41
\calc@Bskip=\skip42
LaTeX Info: Redefining \setlength on input line 80.
LaTeX Info: Redefining \addtolength on input line 81.
\calc@Ccount=\count83
\calc@Cskip=\skip43
)
(C:\Users\de.student\Desktop\NEW\tex\latex\base\ifthen.sty
Package: ifthen 2014/09/29 v1.1c Standard LaTeX ifthen package (DPC)
)
(C:\Users\de.student\Desktop\NEW\tex\latex\ifmtarg\ifmtarg.sty
Package: ifmtarg 2009/09/02 v1.2a check for an empty argument
))
(C:\Users\de.student\Desktop\NEW\tex\latex\hardwrap\hardwrap.sty
Package: hardwrap 2011/02/12 v0.2 Hard wrap messages

(C:\Users\de.student\Desktop\NEW\tex\latex\ifplatform\ifplatform.sty
Package: ifplatform 2010/10/22 v0.4 Testing for the operating system

(C:\Users\de.student\Desktop\NEW\tex\generic\oberdiek\pdftexcmds.sty
Package: pdftexcmds 2011/11/29 v0.20 Utility functions of pdfTeX for LuaTeX (HO
)

(C:\Users\de.student\Desktop\NEW\tex\generic\oberdiek\infwarerr.sty
Package: infwarerr 2010/04/08 v1.3 Providing info/warning/error messages (HO)
)
(C:\Users\de.student\Desktop\NEW\tex\generic\oberdiek\ifluatex.sty
Package: ifluatex 2010/03/01 v1.3 Provides the ifluatex switch (HO)
Package ifluatex Info: LuaTeX not detected.
)
(C:\Users\de.student\Desktop\NEW\tex\generic\oberdiek\ltxcmds.sty
Package: ltxcmds 2011/11/09 v1.22 LaTeX kernel commands for general use (HO)
)
(C:\Users\de.student\Desktop\NEW\tex\generic\oberdiek\ifpdf.sty
Package: ifpdf 2011/01/30 v2.3 Provides the ifpdf switch (HO)
Package ifpdf Info: pdfTeX in PDF mode is detected.
)
Package pdftexcmds Info: LuaTeX not detected.
Package pdftexcmds Info: \pdf@primitive is available.
Package pdftexcmds Info: \pdf@ifprimitive is available.
Package pdftexcmds Info: \pdfdraftmode found.
)
(C:\Users\de.student\Desktop\NEW\tex\generic\oberdiek\catchfile.sty
Package: catchfile 2011/03/01 v1.6 Catch the contents of a file (HO)

(C:\Users\de.student\Desktop\NEW\tex\generic\oberdiek\etexcmds.sty
Package: etexcmds 2011/02/16 v1.5 Avoid name clashes with e-TeX commands (HO)
Package etexcmds Info: Could not find \expanded.
(etexcmds)             That can mean that you are not using pdfTeX 1.50 or
(etexcmds)             that some package has redefined \expanded.
(etexcmds)             In the latter case, load this package earlier.
))

Package ifplatform Warning: 
    shell escape is disabled, so I can only detect \ifwindows.

) (C:\Users\de.student\Desktop\NEW\tex\generic\ifxetex\ifxetex.sty
Package: ifxetex 2010/09/12 v0.6 Provides ifxetex conditional
)
\hw@charcount=\count84
\hw@wordcount=\count85
\hw@maxprintline=\count86
)
Class tufte-book Info: Loading the base class `book'

(C:\Users\de.student\Desktop\NEW\tex\latex\base\book.cls
Document Class: book 2014/09/29 v1.4h Standard LaTeX document class
(C:\Users\de.student\Desktop\NEW\tex\latex\base\bk10.clo
File: bk10.clo 2014/09/29 v1.4h Standard LaTeX file (size option)
)
\c@part=\count87
\c@chapter=\count88
\c@section=\count89
\c@subsection=\count90
\c@subsubsection=\count91
\c@paragraph=\count92
\c@subparagraph=\count93
\c@figure=\count94
\c@table=\count95
\abovecaptionskip=\skip44
\belowcaptionskip=\skip45
\bibindent=\dimen104
)
(C:\Users\de.student\Desktop\NEW\tex\latex\titlesec\titlesec.sty
Package: titlesec 2011/12/15 v2.10.0 Sectioning titles
\ttl@box=\box26
\beforetitleunit=\skip46
\aftertitleunit=\skip47
\ttl@plus=\dimen105
\ttl@minus=\dimen106
\ttl@toksa=\toks16
\titlewidth=\dimen107
\titlewidthlast=\dimen108
\titlewidthfirst=\dimen109
)
(C:\Users\de.student\Desktop\NEW\tex\latex\titlesec\titletoc.sty
Package: titletoc 2011/12/15 v1.6 TOC entries
\ttl@leftsep=\dimen110
)
(C:\Users\de.student\Desktop\NEW\tex\latex\hyperref\hyperref.sty
Package: hyperref 2012/11/06 v6.83m Hypertext links for LaTeX

(C:\Users\de.student\Desktop\NEW\tex\generic\oberdiek\hobsub-hyperref.sty
Package: hobsub-hyperref 2012/04/25 v1.12 Bundle oberdiek, subset hyperref (HO)


(C:\Users\de.student\Desktop\NEW\tex\generic\oberdiek\hobsub-generic.sty
Package: hobsub-generic 2012/04/25 v1.12 Bundle oberdiek, subset generic (HO)
Package: hobsub 2012/04/25 v1.12 Construct package bundles (HO)
Package hobsub Info: Skipping package `infwarerr' (already loaded).
Package hobsub Info: Skipping package `ltxcmds' (already loaded).
Package hobsub Info: Skipping package `ifluatex' (already loaded).
Package: ifvtex 2010/03/01 v1.5 Detect VTeX and its facilities (HO)
Package ifvtex Info: VTeX not detected.
Package: intcalc 2007/09/27 v1.1 Expandable calculations with integers (HO)
Package hobsub Info: Skipping package `ifpdf' (already loaded).
Package hobsub Info: Skipping package `etexcmds' (already loaded).
Package: kvsetkeys 2012/04/25 v1.16 Key value parser (HO)
Package: kvdefinekeys 2011/04/07 v1.3 Define keys (HO)
Package hobsub Info: Skipping package `pdftexcmds' (already loaded).
Package: pdfescape 2011/11/25 v1.13 Implements pdfTeX's escape features (HO)
Package: bigintcalc 2012/04/08 v1.3 Expandable calculations on big integers (HO
)
Package: bitset 2011/01/30 v1.1 Handle bit-vector datatype (HO)
Package: uniquecounter 2011/01/30 v1.2 Provide unlimited unique counter (HO)
)
Package hobsub Info: Skipping package `hobsub' (already loaded).
Package: letltxmacro 2010/09/02 v1.4 Let assignment for LaTeX macros (HO)
Package: hopatch 2011/06/24 v1.1 Wrapper for package hooks (HO)
Package: xcolor-patch 2011/01/30 xcolor patch
Package: atveryend 2011/06/30 v1.8 Hooks at the very end of document (HO)
Package atveryend Info: \enddocument detected (standard20110627).
Package: atbegshi 2011/10/05 v1.16 At begin shipout hook (HO)
Package: refcount 2011/10/16 v3.4 Data extraction from label references (HO)
Package: hycolor 2011/01/30 v1.7 Color options for hyperref/bookmark (HO)
)
(C:\Users\de.student\Desktop\NEW\tex\latex\oberdiek\auxhook.sty
Package: auxhook 2011/03/04 v1.3 Hooks for auxiliary files (HO)
)
(C:\Users\de.student\Desktop\NEW\tex\latex\oberdiek\kvoptions.sty
Package: kvoptions 2011/06/30 v3.11 Key value format for package options (HO)
)
\@linkdim=\dimen111
\Hy@linkcounter=\count96
\Hy@pagecounter=\count97

(C:\Users\de.student\Desktop\NEW\tex\latex\hyperref\pd1enc.def
File: pd1enc.def 2012/11/06 v6.83m Hyperref: PDFDocEncoding definition (HO)
)
\Hy@SavedSpaceFactor=\count98

(C:\Users\de.student\Desktop\NEW\tex\latex\00miktex\hyperref.cfg
File: hyperref.cfg 2002/06/06 v1.2 hyperref configuration of TeXLive
)
Package hyperref Info: Option `unicode' set `true' on input line 4319.

(C:\Users\de.student\Desktop\NEW\tex\latex\hyperref\puenc.def
File: puenc.def 2012/11/06 v6.83m Hyperref: PDF Unicode definition (HO)
)
Package hyperref Info: Option `hyperfootnotes' set `false' on input line 4319.
Package hyperref Info: Hyper figures OFF on input line 4443.
Package hyperref Info: Link nesting OFF on input line 4448.
Package hyperref Info: Hyper index ON on input line 4451.
Package hyperref Info: Plain pages OFF on input line 4458.
Package hyperref Info: Backreferencing OFF on input line 4463.
Package hyperref Info: Implicit mode ON; LaTeX internals redefined.
Package hyperref Info: Bookmarks ON on input line 4688.
\c@Hy@tempcnt=\count99

(C:\Users\de.student\Desktop\NEW\tex\latex\url\url.sty
\Urlmuskip=\muskip10
Package: url 2013/09/16  ver 3.4  Verb mode for urls, etc.
)
LaTeX Info: Redefining \url on input line 5041.
\XeTeXLinkMargin=\dimen112
\Fld@menulength=\count100
\Field@Width=\dimen113
\Fld@charsize=\dimen114
Package hyperref Info: Hyper figures OFF on input line 6295.
Package hyperref Info: Link nesting OFF on input line 6300.
Package hyperref Info: Hyper index ON on input line 6303.
Package hyperref Info: backreferencing OFF on input line 6310.
Package hyperref Info: Link coloring OFF on input line 6315.
Package hyperref Info: Link coloring with OCG OFF on input line 6320.
Package hyperref Info: PDF/A mode OFF on input line 6325.
LaTeX Info: Redefining \ref on input line 6365.
LaTeX Info: Redefining \pageref on input line 6369.
\Hy@abspage=\count101
\c@Item=\count102
)

Package hyperref Message: Driver (autodetected): hpdftex.

(C:\Users\de.student\Desktop\NEW\tex\latex\hyperref\hpdftex.def
File: hpdftex.def 2012/11/06 v6.83m Hyperref driver for pdfTeX
\Fld@listcount=\count103
\c@bookmark@seq@number=\count104

(C:\Users\de.student\Desktop\NEW\tex\latex\oberdiek\rerunfilecheck.sty
Package: rerunfilecheck 2011/04/15 v1.7 Rerun checks for auxiliary files (HO)
Package uniquecounter Info: New unique counter `rerunfilecheck' on input line 2
82.
)
\Hy@SectionHShift=\skip48
)
(C:\Users\de.student\Desktop\NEW\tex\latex\ms\ragged2e.sty
Package: ragged2e 2009/05/21 v2.1 ragged2e Package (MS)

(C:\Users\de.student\Desktop\NEW\tex\latex\ms\everysel.sty
Package: everysel 2011/10/28 v1.2 EverySelectfont Package (MS)
)
\CenteringLeftskip=\skip49
\RaggedLeftLeftskip=\skip50
\RaggedRightLeftskip=\skip51
\CenteringRightskip=\skip52
\RaggedLeftRightskip=\skip53
\RaggedRightRightskip=\skip54
\CenteringParfillskip=\skip55
\RaggedLeftParfillskip=\skip56
\RaggedRightParfillskip=\skip57
\JustifyingParfillskip=\skip58
\CenteringParindent=\skip59
\RaggedLeftParindent=\skip60
\RaggedRightParindent=\skip61
\JustifyingParindent=\skip62
)
(C:\Users\de.student\Desktop\NEW\tex\latex\geometry\geometry.sty
Package: geometry 2010/09/12 v5.6 Page Geometry
\Gm@cnth=\count105
\Gm@cntv=\count106
\c@Gm@tempcnt=\count107
\Gm@bindingoffset=\dimen115
\Gm@wd@mp=\dimen116
\Gm@odd@mp=\dimen117
\Gm@even@mp=\dimen118
\Gm@layoutwidth=\dimen119
\Gm@layoutheight=\dimen120
\Gm@layouthoffset=\dimen121
\Gm@layoutvoffset=\dimen122
\Gm@dimlist=\toks17

(C:\Users\de.student\Desktop\NEW\tex\latex\geometry\geometry.cfg))
(C:\Users\de.student\Desktop\NEW\tex\latex\changepage\changepage.sty
Package: changepage 2009/10/20 v1.0c check page and change page layout
\c@cp@cntr=\count108
\cp@tempcnt=\count109
)
\@tufte@overhang=\skip63
\@tufte@fullwidth=\skip64
\@tufte@caption@fill=\skip65

(C:\Users\de.student\Desktop\NEW\tex\latex\paralist\paralist.sty
Package: paralist 2013/06/09 v2.4 Extended list environments
\pltopsep=\skip66
\plpartopsep=\skip67
\plitemsep=\skip68
\plparsep=\skip69
\pl@lab=\toks18
)
(C:\Users\de.student\Desktop\NEW\tex\latex\textcase\textcase.sty
Package: textcase 2004/10/07 v0.07 Text only upper/lower case changing (DPC)
)
(C:\Users\de.student\Desktop\NEW\tex\latex\microtype\letterspace.sty
Package: letterspace 2013/05/23 v2.5a Robust letterspacing (RS)
LaTeX Info: Redefining \lsstyle on input line 307.
LaTeX Info: Redefining \lslig on input line 308.
LaTeX Info: Redefining \textls on input line 333.
\MT@outer@kern=\dimen123
)
(C:\Users\de.student\Desktop\NEW\tex\latex\setspace\setspace.sty
Package: setspace 2011/12/19 v6.7a set line spacing
)
(C:\Users\de.student\Desktop\NEW\tex\latex\xcolor\xcolor.sty
Package: xcolor 2007/01/21 v2.11 LaTeX color extensions (UK)

(C:\Users\de.student\Desktop\NEW\tex\latex\00miktex\color.cfg
File: color.cfg 2007/01/18 v1.5 color configuration of teTeX/TeXLive
)
Package xcolor Info: Package option `usenames' ignored on input line 216.
Package xcolor Info: Driver file: pdftex.def on input line 225.

(C:\Users\de.student\Desktop\NEW\tex\latex\pdftex-def\pdftex.def
File: pdftex.def 2011/05/27 v0.06d Graphics/color for pdfTeX
\Gread@gobject=\count110
)
Package xcolor Info: Model `cmy' substituted by `cmy0' on input line 1337.
Package xcolor Info: Model `hsb' substituted by `rgb' on input line 1341.
Package xcolor Info: Model `RGB' extended on input line 1353.
Package xcolor Info: Model `HTML' substituted by `rgb' on input line 1355.
Package xcolor Info: Model `Hsb' substituted by `hsb' on input line 1356.
Package xcolor Info: Model `tHsb' substituted by `hsb' on input line 1357.
Package xcolor Info: Model `HSB' substituted by `hsb' on input line 1358.
Package xcolor Info: Model `Gray' substituted by `gray' on input line 1359.
Package xcolor Info: Model `wave' substituted by `hsb' on input line 1360.

(C:\Users\de.student\Desktop\NEW\tex\latex\graphics\dvipsnam.def
File: dvipsnam.def 2014/10/14 v3.0j Driver-dependent file (DPC,SPQR)
)
(C:\Users\de.student\Desktop\NEW\tex\latex\xcolor\svgnam.def
File: svgnam.def 2007/01/21 v2.11 Predefined colors according to SVG 1.1 (UK)
))
(C:\Users\de.student\Desktop\NEW\tex\latex\natbib\natbib.sty
Package: natbib 2010/09/13 8.31b (PWD, AO)
\bibhang=\skip70
\bibsep=\skip71
LaTeX Info: Redefining \cite on input line 694.
\c@NAT@ctr=\count111
)
(C:\Users\de.student\Desktop\NEW\tex\latex\natbib\bibentry.sty
Package: bibentry 2007/10/30 1.5 (PWD)
)
(Vignette_new.bbl)
\c@@tufte@num@bibkeys=\count112

(C:\Users\de.student\Desktop\NEW\tex\latex\sauerj\optparams.sty
Package: optparams 2004/08/14 v0.9 multiple optional parameters in macros
)
\@tufte@sidenote@vertical@offset=\skip72

(C:\Users\de.student\Desktop\NEW\tex\latex\placeins\placeins.sty
Package: placeins 2005/04/18  v 2.2
)
\@tufte@margin@floatbox=\box27
\@tufte@figure@box=\box28
\@tufte@caption@box=\box29
\@tufte@caption@vertical@offset=\skip73
\@tufte@float@contents@width=\skip74

(C:\Users\de.student\Desktop\NEW\tex\latex\psnfss\mathpazo.sty
Package: mathpazo 2005/04/12 PSNFSS-v9.2a Palatino w/ Pazo Math (D.Puga, WaS) 
\symupright=\mathgroup4
)
(C:\Users\de.student\Desktop\NEW\tex\latex\psnfss\helvet.sty
Package: helvet 2005/04/12 PSNFSS-v9.2a (WaS) 
)
(C:\Users\de.student\Desktop\NEW\tex\latex\bera\beramono.sty
Package: beramono 2004/01/31 (WaS)
)
(C:\Users\de.student\Desktop\NEW\tex\latex\base\fontenc.sty
Package: fontenc 2005/09/27 v1.99g Standard LaTeX package

(C:\Users\de.student\Desktop\NEW\tex\latex\base\t1enc.def
File: t1enc.def 2005/09/27 v1.99g Standard LaTeX file
LaTeX Font Info:    Redeclaring font encoding T1 on input line 48.
))
(C:\Users\de.student\Desktop\NEW\tex\latex\base\textcomp.sty
Package: textcomp 2005/09/27 v1.99g Standard LaTeX package
Package textcomp Info: Sub-encoding information:
(textcomp)               5 = only ISO-Adobe without \textcurrency
(textcomp)               4 = 5 + \texteuro
(textcomp)               3 = 4 + \textohm
(textcomp)               2 = 3 + \textestimated + \textcurrency
(textcomp)               1 = TS1 - \textcircled - \t
(textcomp)               0 = TS1 (full)
(textcomp)             Font families with sub-encoding setting implement
(textcomp)             only a restricted character set as indicated.
(textcomp)             Family '?' is the default used for unknown fonts.
(textcomp)             See the documentation for details.
Package textcomp Info: Setting ? sub-encoding to TS1/1 on input line 79.

(C:\Users\de.student\Desktop\NEW\tex\latex\base\ts1enc.def
File: ts1enc.def 2001/06/05 v3.0e (jk/car/fm) Standard LaTeX file
)
LaTeX Info: Redefining \oldstylenums on input line 334.
Package textcomp Info: Setting cmr sub-encoding to TS1/0 on input line 349.
Package textcomp Info: Setting cmss sub-encoding to TS1/0 on input line 350.
Package textcomp Info: Setting cmtt sub-encoding to TS1/0 on input line 351.
Package textcomp Info: Setting cmvtt sub-encoding to TS1/0 on input line 352.
Package textcomp Info: Setting cmbr sub-encoding to TS1/0 on input line 353.
Package textcomp Info: Setting cmtl sub-encoding to TS1/0 on input line 354.
Package textcomp Info: Setting ccr sub-encoding to TS1/0 on input line 355.
Package textcomp Info: Setting ptm sub-encoding to TS1/4 on input line 356.
Package textcomp Info: Setting pcr sub-encoding to TS1/4 on input line 357.
Package textcomp Info: Setting phv sub-encoding to TS1/4 on input line 358.
Package textcomp Info: Setting ppl sub-encoding to TS1/3 on input line 359.
Package textcomp Info: Setting pag sub-encoding to TS1/4 on input line 360.
Package textcomp Info: Setting pbk sub-encoding to TS1/4 on input line 361.
Package textcomp Info: Setting pnc sub-encoding to TS1/4 on input line 362.
Package textcomp Info: Setting pzc sub-encoding to TS1/4 on input line 363.
Package textcomp Info: Setting bch sub-encoding to TS1/4 on input line 364.
Package textcomp Info: Setting put sub-encoding to TS1/5 on input line 365.
Package textcomp Info: Setting uag sub-encoding to TS1/5 on input line 366.
Package textcomp Info: Setting ugq sub-encoding to TS1/5 on input line 367.
Package textcomp Info: Setting ul8 sub-encoding to TS1/4 on input line 368.
Package textcomp Info: Setting ul9 sub-encoding to TS1/4 on input line 369.
Package textcomp Info: Setting augie sub-encoding to TS1/5 on input line 370.
Package textcomp Info: Setting dayrom sub-encoding to TS1/3 on input line 371.
Package textcomp Info: Setting dayroms sub-encoding to TS1/3 on input line 372.

Package textcomp Info: Setting pxr sub-encoding to TS1/0 on input line 373.
Package textcomp Info: Setting pxss sub-encoding to TS1/0 on input line 374.
Package textcomp Info: Setting pxtt sub-encoding to TS1/0 on input line 375.
Package textcomp Info: Setting txr sub-encoding to TS1/0 on input line 376.
Package textcomp Info: Setting txss sub-encoding to TS1/0 on input line 377.
Package textcomp Info: Setting txtt sub-encoding to TS1/0 on input line 378.
Package textcomp Info: Setting lmr sub-encoding to TS1/0 on input line 379.
Package textcomp Info: Setting lmdh sub-encoding to TS1/0 on input line 380.
Package textcomp Info: Setting lmss sub-encoding to TS1/0 on input line 381.
Package textcomp Info: Setting lmssq sub-encoding to TS1/0 on input line 382.
Package textcomp Info: Setting lmvtt sub-encoding to TS1/0 on input line 383.
Package textcomp Info: Setting lmtt sub-encoding to TS1/0 on input line 384.
Package textcomp Info: Setting qhv sub-encoding to TS1/0 on input line 385.
Package textcomp Info: Setting qag sub-encoding to TS1/0 on input line 386.
Package textcomp Info: Setting qbk sub-encoding to TS1/0 on input line 387.
Package textcomp Info: Setting qcr sub-encoding to TS1/0 on input line 388.
Package textcomp Info: Setting qcs sub-encoding to TS1/0 on input line 389.
Package textcomp Info: Setting qpl sub-encoding to TS1/0 on input line 390.
Package textcomp Info: Setting qtm sub-encoding to TS1/0 on input line 391.
Package textcomp Info: Setting qzc sub-encoding to TS1/0 on input line 392.
Package textcomp Info: Setting qhvc sub-encoding to TS1/0 on input line 393.
Package textcomp Info: Setting futs sub-encoding to TS1/4 on input line 394.
Package textcomp Info: Setting futx sub-encoding to TS1/4 on input line 395.
Package textcomp Info: Setting futj sub-encoding to TS1/4 on input line 396.
Package textcomp Info: Setting hlh sub-encoding to TS1/3 on input line 397.
Package textcomp Info: Setting hls sub-encoding to TS1/3 on input line 398.
Package textcomp Info: Setting hlst sub-encoding to TS1/3 on input line 399.
Package textcomp Info: Setting hlct sub-encoding to TS1/5 on input line 400.
Package textcomp Info: Setting hlx sub-encoding to TS1/5 on input line 401.
Package textcomp Info: Setting hlce sub-encoding to TS1/5 on input line 402.
Package textcomp Info: Setting hlcn sub-encoding to TS1/5 on input line 403.
Package textcomp Info: Setting hlcw sub-encoding to TS1/5 on input line 404.
Package textcomp Info: Setting hlcf sub-encoding to TS1/5 on input line 405.
Package textcomp Info: Setting pplx sub-encoding to TS1/3 on input line 406.
Package textcomp Info: Setting pplj sub-encoding to TS1/3 on input line 407.
Package textcomp Info: Setting ptmx sub-encoding to TS1/4 on input line 408.
Package textcomp Info: Setting ptmj sub-encoding to TS1/4 on input line 409.
)
(C:\Users\de.student\Desktop\NEW\tex\latex\fancyhdr\fancyhdr.sty
\fancy@headwidth=\skip75
\f@ncyO@elh=\skip76
\f@ncyO@erh=\skip77
\f@ncyO@olh=\skip78
\f@ncyO@orh=\skip79
\f@ncyO@elf=\skip80
\f@ncyO@erf=\skip81
\f@ncyO@olf=\skip82
\f@ncyO@orf=\skip83
)
\tufteskipamount=\skip84

(C:\Users\de.student\Desktop\NEW\tex\latex\tools\multicol.sty
Package: multicol 2015/03/31 v1.8m multicolumn formatting (FMi)
\c@tracingmulticols=\count113
\mult@box=\box30
\multicol@leftmargin=\dimen124
\c@unbalance=\count114
\c@collectmore=\count115
\doublecol@number=\count116
\multicoltolerance=\count117
\multicolpretolerance=\count118
\full@width=\dimen125
\page@free=\dimen126
\premulticols=\dimen127
\postmulticols=\dimen128
\multicolsep=\skip85
\multicolbaselineskip=\skip86
\partial@page=\box31
\last@line=\box32
\maxbalancingoverflow=\dimen129
\mult@rightbox=\box33
\mult@grightbox=\box34
\mult@gfirstbox=\box35
\mult@firstbox=\box36
\@tempa=\box37
\@tempa=\box38
\@tempa=\box39
\@tempa=\box40
\@tempa=\box41
\@tempa=\box42
\@tempa=\box43
\@tempa=\box44
\@tempa=\box45
\@tempa=\box46
\@tempa=\box47
\@tempa=\box48
\@tempa=\box49
\@tempa=\box50
\@tempa=\box51
\@tempa=\box52
\@tempa=\box53
\c@columnbadness=\count119
\c@finalcolumnbadness=\count120
\last@try=\dimen130
\multicolovershoot=\dimen131
\multicolundershoot=\dimen132
\mult@nat@firstbox=\box54
\colbreak@box=\box55
\mc@col@check@num=\count121
)))
(C:\Users\de.student\Desktop\NEW\tex\latex\graphics\graphicx.sty
Package: graphicx 2014/10/28 v1.0g Enhanced LaTeX Graphics (DPC,SPQR)

(C:\Users\de.student\Desktop\NEW\tex\latex\graphics\graphics.sty
Package: graphics 2014/10/28 v1.0p Standard LaTeX Graphics (DPC,SPQR)

(C:\Users\de.student\Desktop\NEW\tex\latex\graphics\trig.sty
Package: trig 1999/03/16 v1.09 sin cos tan (DPC)
)
(C:\Users\de.student\Desktop\NEW\tex\latex\00miktex\graphics.cfg
File: graphics.cfg 2007/01/18 v1.5 graphics configuration of teTeX/TeXLive
)
Package graphics Info: Driver file: pdftex.def on input line 94.
)
\Gin@req@height=\dimen133
\Gin@req@width=\dimen134
)
(Sweavel.sty
Package: Sweavel 
 (C:\Users\de.student\Desktop\NEW\tex\latex\listings\listings.sty
\lst@mode=\count122
\lst@gtempboxa=\box56
\lst@token=\toks19
\lst@length=\count123
\lst@currlwidth=\dimen135
\lst@column=\count124
\lst@pos=\count125
\lst@lostspace=\dimen136
\lst@width=\dimen137
\lst@newlines=\count126
\lst@lineno=\count127
\lst@maxwidth=\dimen138

(C:\Users\de.student\Desktop\NEW\tex\latex\listings\lstmisc.sty
File: lstmisc.sty 2015/06/04 1.6 (Carsten Heinz)
\c@lstnumber=\count128
\lst@skipnumbers=\count129
\lst@framebox=\box57
)
(C:\Users\de.student\Desktop\NEW\tex\latex\listings\listings.cfg
File: listings.cfg 2015/06/04 1.6 listings configuration
))
Package: listings 2015/06/04 1.6 (Carsten Heinz)

(C:\Users\de.student\Desktop\NEW\tex\latex\fancyvrb\fancyvrb.sty
Package: fancyvrb 2008/02/07

Style option: `fancyvrb' v2.7a, with DG/SPQR fixes, and firstline=lastline fix 
<2008/02/07> (tvz)
\FV@CodeLineNo=\count130
\FV@InFile=\read1
\FV@TabBox=\box58
\c@FancyVerbLine=\count131
\FV@StepNumber=\count132
\FV@OutFile=\write3
)
(C:\Users\de.student\Desktop\NEW\tex\latex\ltxmisc\relsize.sty
Package: relsize 2003/07/04 ver 3.1
)) (framed.sty
Package: framed 2011/10/22 v 0.96: framed or shaded text with page breaks
\OuterFrameSep=\skip87
\fb@frw=\dimen139
\fb@frh=\dimen140
\FrameRule=\dimen141
\FrameSep=\dimen142
)
(C:\Users\de.student\Desktop\NEW\tex\latex\multirow\multirow.sty
\bigstrutjot=\dimen143
)
(C:\Users\de.student\Desktop\NEW\tex\latex\booktabs\booktabs.sty
Package: booktabs 2005/04/14 v1.61803 publication quality tables
\heavyrulewidth=\dimen144
\lightrulewidth=\dimen145
\cmidrulewidth=\dimen146
\belowrulesep=\dimen147
\belowbottomsep=\dimen148
\aboverulesep=\dimen149
\abovetopsep=\dimen150
\cmidrulesep=\dimen151
\cmidrulekern=\dimen152
\defaultaddspace=\dimen153
\@cmidla=\count133
\@cmidlb=\count134
\@aboverulesep=\dimen154
\@belowrulesep=\dimen155
\@thisruleclass=\count135
\@lastruleclass=\count136
\@thisrulewidth=\dimen156
)
(C:\Users\de.student\Desktop\NEW\tex\latex\mdframed\mdframed.sty
Package: mdframed 2013/07/01 1.9b: mdframed

(C:\Users\de.student\Desktop\NEW\tex\latex\l3packages\xparse\xparse.sty
(C:\Users\de.student\Desktop\NEW\tex\latex\l3kernel\expl3.sty
Package: expl3 2015/11/04 v6224 L3 programming layer (loader) 

(C:\Users\de.student\Desktop\NEW\tex\latex\l3kernel\expl3-code.tex
Package: expl3 2015/11/04 v6224 L3 programming layer (code) 
L3 Module: l3bootstrap 2015/10/18 v6213 L3 Bootstrap code
L3 Module: l3names 2015/11/03 v6220 L3 Namespace for primitives
L3 Module: l3basics 2015/09/22 v6033 L3 Basic definitions
L3 Module: l3expan 2015/09/10 v5983 L3 Argument expansion
L3 Module: l3tl 2015/09/29 v6121 L3 Token lists
L3 Module: l3str 2015/09/20 v6021 L3 Strings
L3 Module: l3seq 2015/08/05 v5777 L3 Sequences and stacks
L3 Module: l3int 2015/09/25 v6089 L3 Integers
\c_max_int=\count137
\l_tmpa_int=\count138
\l_tmpb_int=\count139
\g_tmpa_int=\count140
\g_tmpb_int=\count141
L3 Module: l3quark 2015/08/17 v5855 L3 Quarks
L3 Module: l3prg 2015/11/01 v6216 L3 Control structures
\g__prg_map_int=\count142
L3 Module: l3clist 2015/09/02 v5901 L3 Comma separated lists
L3 Module: l3token 2015/09/28 v6114 L3 Experimental token manipulation
L3 Module: l3prop 2015/08/05 v5777 L3 Property lists
L3 Module: l3msg 2015/09/28 v6113 L3 Messages
L3 Module: l3file 2015/09/23 v6037 L3 File and I/O operations
\l_iow_line_count_int=\count143
\l__iow_target_count_int=\count144
\l__iow_current_line_int=\count145
\l__iow_current_word_int=\count146
\l__iow_current_indentation_int=\count147
L3 Module: l3skip 2015/09/25 v6089 L3 Dimensions and skips
\c_zero_dim=\dimen157
\c_max_dim=\dimen158
\l_tmpa_dim=\dimen159
\l_tmpb_dim=\dimen160
\g_tmpa_dim=\dimen161
\g_tmpb_dim=\dimen162
\c_zero_skip=\skip88
\c_max_skip=\skip89
\l_tmpa_skip=\skip90
\l_tmpb_skip=\skip91
\g_tmpa_skip=\skip92
\g_tmpb_skip=\skip93
\c_zero_muskip=\muskip11
\c_max_muskip=\muskip12
\l_tmpa_muskip=\muskip13
\l_tmpb_muskip=\muskip14
\g_tmpa_muskip=\muskip15
\g_tmpb_muskip=\muskip16
L3 Module: l3keys 2015/09/23 v6037 L3 Key-value interfaces
\g__keyval_level_int=\count148
\l_keys_choice_int=\count149
L3 Module: l3fp 2015/08/25 v5890 L3 Floating points
\c__fp_leading_shift_int=\count150
\c__fp_middle_shift_int=\count151
\c__fp_trailing_shift_int=\count152
\c__fp_big_leading_shift_int=\count153
\c__fp_big_middle_shift_int=\count154
\c__fp_big_trailing_shift_int=\count155
\c__fp_Bigg_leading_shift_int=\count156
\c__fp_Bigg_middle_shift_int=\count157
\c__fp_Bigg_trailing_shift_int=\count158
L3 Module: l3box 2015/08/09 v5822 L3 Experimental boxes
\c_empty_box=\box59
\l_tmpa_box=\box60
\l_tmpb_box=\box61
\g_tmpa_box=\box62
\g_tmpb_box=\box63
L3 Module: l3coffins 2015/08/06 v5789 L3 Coffin code layer
\l__coffin_internal_box=\box64
\l__coffin_internal_dim=\dimen163
\l__coffin_offset_x_dim=\dimen164
\l__coffin_offset_y_dim=\dimen165
\l__coffin_x_dim=\dimen166
\l__coffin_y_dim=\dimen167
\l__coffin_x_prime_dim=\dimen168
\l__coffin_y_prime_dim=\dimen169
\c_empty_coffin=\box65
\l__coffin_aligned_coffin=\box66
\l__coffin_aligned_internal_coffin=\box67
\l_tmpa_coffin=\box68
\l_tmpb_coffin=\box69
\l__coffin_display_coffin=\box70
\l__coffin_display_coord_coffin=\box71
\l__coffin_display_pole_coffin=\box72
\l__coffin_display_offset_dim=\dimen170
\l__coffin_display_x_dim=\dimen171
\l__coffin_display_y_dim=\dimen172
L3 Module: l3color 2014/08/23 v5354 L3 Experimental color support
L3 Module: l3candidates 2015/11/01 v6216 L3 Experimental additions to l3kernel
\l__box_top_dim=\dimen173
\l__box_bottom_dim=\dimen174
\l__box_left_dim=\dimen175
\l__box_right_dim=\dimen176
\l__box_top_new_dim=\dimen177
\l__box_bottom_new_dim=\dimen178
\l__box_left_new_dim=\dimen179
\l__box_right_new_dim=\dimen180
\l__box_internal_box=\box73
\l__coffin_bounding_shift_dim=\dimen181
\l__coffin_left_corner_dim=\dimen182
\l__coffin_right_corner_dim=\dimen183
\l__coffin_bottom_corner_dim=\dimen184
\l__coffin_top_corner_dim=\dimen185
\l__coffin_scaled_total_height_dim=\dimen186
\l__coffin_scaled_width_dim=\dimen187
L3 Module: l3sys 2015/09/25 v6087 L3 Experimental system/runtime functions
L3 Module: l3luatex 2015/09/10 v5983 L3 Experimental LuaTeX-specific functions
)
(C:\Users\de.student\Desktop\NEW\tex\latex\l3kernel\l3unicode-data.def
File: l3unicode-data.def 2015/07/20 v5676 L3 Unicode data
)
(C:\Users\de.student\Desktop\NEW\tex\latex\l3kernel\l3pdfmode.def
File: l3pdfmode.def 2015/09/10 v5983 L3 Experimental driver: PDF mode
\l__driver_color_stack_int=\count159
))
Package: xparse 2015/11/04 v6224 L3 Experimental document command parser
\l__xparse_current_arg_int=\count160
\l__xparse_m_args_int=\count161
\l__xparse_mandatory_args_int=\count162
\l__xparse_processor_int=\count163
\l__xparse_v_nesting_int=\count164
)
(C:\Users\de.student\Desktop\NEW\tex\latex\etoolbox\etoolbox.sty
Package: etoolbox 2015/08/02 v2.2a e-TeX tools for LaTeX (JAW)
\etb@tempcnta=\count165
)
(C:\Users\de.student\Desktop\NEW\tex\latex\oberdiek\zref-abspage.sty
Package: zref-abspage 2012/04/04 v2.24 Module abspage for zref (HO)

(C:\Users\de.student\Desktop\NEW\tex\latex\oberdiek\zref-base.sty
Package: zref-base 2012/04/04 v2.24 Module base for zref (HO)
Package zref Info: New property list: main on input line 759.
Package zref Info: New property: default on input line 760.
Package zref Info: New property: page on input line 761.
)
\c@abspage=\count166
Package zref Info: New property: abspage on input line 62.
)
(C:\Users\de.student\Desktop\NEW\tex\latex\needspace\needspace.sty
Package: needspace 2010/09/12 v1.3d reserve vertical space
)
\mdf@templength=\skip94
\c@mdf@globalstyle@cnt=\count167
\mdf@skipabove@length=\skip95
\mdf@skipbelow@length=\skip96
\mdf@leftmargin@length=\skip97
\mdf@rightmargin@length=\skip98
\mdf@innerleftmargin@length=\skip99
\mdf@innerrightmargin@length=\skip100
\mdf@innertopmargin@length=\skip101
\mdf@innerbottommargin@length=\skip102
\mdf@splittopskip@length=\skip103
\mdf@splitbottomskip@length=\skip104
\mdf@outermargin@length=\skip105
\mdf@innermargin@length=\skip106
\mdf@linewidth@length=\skip107
\mdf@innerlinewidth@length=\skip108
\mdf@middlelinewidth@length=\skip109
\mdf@outerlinewidth@length=\skip110
\mdf@roundcorner@length=\skip111
\mdf@footenotedistance@length=\skip112
\mdf@userdefinedwidth@length=\skip113
\mdf@needspace@length=\skip114
\mdf@frametitleaboveskip@length=\skip115
\mdf@frametitlebelowskip@length=\skip116
\mdf@frametitlerulewidth@length=\skip117
\mdf@frametitleleftmargin@length=\skip118
\mdf@frametitlerightmargin@length=\skip119
\mdf@shadowsize@length=\skip120
\mdf@extratopheight@length=\skip121
\mdf@subtitleabovelinewidth@length=\skip122
\mdf@subtitlebelowlinewidth@length=\skip123
\mdf@subtitleaboveskip@length=\skip124
\mdf@subtitlebelowskip@length=\skip125
\mdf@subtitleinneraboveskip@length=\skip126
\mdf@subtitleinnerbelowskip@length=\skip127
\mdf@subsubtitleabovelinewidth@length=\skip128
\mdf@subsubtitlebelowlinewidth@length=\skip129
\mdf@subsubtitleaboveskip@length=\skip130
\mdf@subsubtitlebelowskip@length=\skip131
\mdf@subsubtitleinneraboveskip@length=\skip132
\mdf@subsubtitleinnerbelowskip@length=\skip133

(C:\Users\de.student\Desktop\NEW\tex\latex\mdframed\md-frame-0.mdf
File: md-frame-0.mdf 2013/07/01\ 1.9b: md-frame-0
)
\mdf@frametitlebox=\box74
\mdf@footnotebox=\box75
\mdf@splitbox@one=\box76
\mdf@splitbox@two=\box77
\mdf@splitbox@save=\box78
\mdfsplitboxwidth=\skip134
\mdfsplitboxtotalwidth=\skip135
\mdfsplitboxheight=\skip136
\mdfsplitboxdepth=\skip137
\mdfsplitboxtotalheight=\skip138
\mdfframetitleboxwidth=\skip139
\mdfframetitleboxtotalwidth=\skip140
\mdfframetitleboxheight=\skip141
\mdfframetitleboxdepth=\skip142
\mdfframetitleboxtotalheight=\skip143
\mdffootnoteboxwidth=\skip144
\mdffootnoteboxtotalwidth=\skip145
\mdffootnoteboxheight=\skip146
\mdffootnoteboxdepth=\skip147
\mdffootnoteboxtotalheight=\skip148
\mdftotallinewidth=\skip149
\mdfboundingboxwidth=\skip150
\mdfboundingboxtotalwidth=\skip151
\mdfboundingboxheight=\skip152
\mdfboundingboxdepth=\skip153
\mdfboundingboxtotalheight=\skip154
\mdf@freevspace@length=\skip155
\mdf@horizontalwidthofbox@length=\skip156
\mdf@verticalmarginwhole@length=\skip157
\mdf@horizontalspaceofbox=\skip158
\mdfsubtitleheight=\skip159
\mdfsubsubtitleheight=\skip160
\c@mdfcountframes=\count168

****** mdframed patching \endmdf@trivlist

****** -- success******

.................................................
. LaTeX info: "xparse/define-command"
. 
. Defining command \newmdtheoremenv with sig. 'O{} m o m o ' on line 601.
.................................................
.................................................
. LaTeX info: "xparse/define-command"
. 
. Defining command \mdtheorem with sig. ' O{} m o m o ' on line 701.
.................................................
\mdf@envdepth=\count169
\c@mdf@env@i=\count170
\c@mdf@env@ii=\count171
\c@mdf@zref@counter=\count172
Package zref Info: New property: mdf@pagevalue on input line 895.
)
(C:\Users\de.student\Desktop\NEW\tex\latex\mdwtools\mdwlist.sty
Package: mdwlist 1996/05/02 1.1 Various list-related things
)
Package hyperref Info: Option `colorlinks' set `true' on input line 35.
Package hyperref Info: Option `breaklinks' set `true' on input line 35.

(C:\Users\de.student\Desktop\NEW\tex\latex\appendix\appendix.sty
Package: appendix 2009/09/02 v1.2b extra appendix facilities
\c@@pps=\count173
\c@@ppsavesec=\count174
\c@@ppsaveapp=\count175
)
(C:\Users\de.student\Desktop\NEW\tex\latex\listings\lstlang1.sty
File: lstlang1.sty 2015/06/04 1.6 listings language file
)
(C:\Users\de.student\Desktop\NEW\tex\latex\listings\lstlang2.sty
File: lstlang2.sty 2015/06/04 1.6 listings language file
)
(C:\Users\de.student\Desktop\NEW\tex\latex\listings\lstlang3.sty
File: lstlang3.sty 2015/06/04 1.6 listings language file
)

Package hyperref Warning: Token not allowed in a PDF string (Unicode):
(hyperref)                removing `\\' on input line 61.

(Vignette_new.aux)
LaTeX Font Info:    Checking defaults for OML/cmm/m/it on input line 64.
LaTeX Font Info:    ... okay on input line 64.
LaTeX Font Info:    Checking defaults for T1/cmr/m/n on input line 64.
LaTeX Font Info:    ... okay on input line 64.
LaTeX Font Info:    Checking defaults for OT1/cmr/m/n on input line 64.
LaTeX Font Info:    ... okay on input line 64.
LaTeX Font Info:    Checking defaults for OMS/cmsy/m/n on input line 64.
LaTeX Font Info:    ... okay on input line 64.
LaTeX Font Info:    Checking defaults for OMX/cmex/m/n on input line 64.
LaTeX Font Info:    ... okay on input line 64.
LaTeX Font Info:    Checking defaults for U/cmr/m/n on input line 64.
LaTeX Font Info:    ... okay on input line 64.
LaTeX Font Info:    Checking defaults for PD1/pdf/m/n on input line 64.
LaTeX Font Info:    ... okay on input line 64.
LaTeX Font Info:    Checking defaults for PU/pdf/m/n on input line 64.
LaTeX Font Info:    ... okay on input line 64.
LaTeX Font Info:    Checking defaults for TS1/cmr/m/n on input line 64.
LaTeX Font Info:    Try loading font information for TS1+cmr on input line 64.
 (C:\Users\de.student\Desktop\NEW\tex\latex\base\ts1cmr.fd
File: ts1cmr.fd 2014/09/29 v2.5h Standard LaTeX font definitions
)
LaTeX Font Info:    ... okay on input line 64.
LaTeX Font Info:    Try loading font information for T1+pplj on input line 64.

(C:\Users\de.student\Desktop\NEW\tex\latex\psnfss\t1pplj.fd
File: t1pplj.fd 2004/09/06 font definitions for T1/pplj.
)
\AtBeginShipoutBox=\box79
Package hyperref Info: Link coloring ON on input line 64.

(C:\Users\de.student\Desktop\NEW\tex\latex\hyperref\nameref.sty
Package: nameref 2012/10/27 v2.43 Cross-referencing by name of section

(C:\Users\de.student\Desktop\NEW\tex\generic\oberdiek\gettitlestring.sty
Package: gettitlestring 2010/12/03 v1.4 Cleanup title references (HO)
)
\c@section@level=\count176
)
LaTeX Info: Redefining \ref on input line 64.
LaTeX Info: Redefining \pageref on input line 64.
LaTeX Info: Redefining \nameref on input line 64.

(Vignette_new.out) (Vignette_new.out)
\@outlinefile=\write4
 ABD: EverySelectfont initializing macros
LaTeX Info: Redefining \selectfont on input line 64.

*geometry* driver: auto-detecting
*geometry* detected driver: pdftex
*geometry* verbose mode - [ preamble ] result:
* driver: pdftex
* paper: a4paper
* layout: <same size as paper>
* layoutoffset:(h,v)=(0.0pt,0.0pt)
* modes: twoside asymmetric 
* h-part:(L,W,R)=(70.56284pt, 304.44447pt, 222.50056pt)
* v-part:(T,H,B)=(77.96053pt, 686.0pt, 81.08632pt)
* \paperwidth=597.50787pt
* \paperheight=845.04684pt
* \textwidth=304.44447pt
* \textheight=686.0pt
* \oddsidemargin=-1.70715pt
* \evensidemargin=-1.70715pt
* \topmargin=-36.30946pt
* \headheight=14.0pt
* \headsep=28.0pt
* \topskip=10.0pt
* \footskip=25.29494pt
* \marginparwidth=140.5566pt
* \marginparsep=23.33124pt
* \columnsep=10.0pt
* \skip\footins=9.0pt plus 4.0pt minus 2.0pt
* \hoffset=0.0pt
* \voffset=0.0pt
* \mag=1000
* \@twocolumnfalse
* \@twosidetrue
* \@mparswitchfalse
* \@reversemarginfalse
* (1in=72.27pt=25.4mm, 1cm=28.453pt)

(C:\Users\de.student\Desktop\NEW\tex\context\base\supp-pdf.mkii
[Loading MPS to PDF converter (version 2006.09.02).]
\scratchcounter=\count177
\scratchdimen=\dimen188
\scratchbox=\box80
\nofMPsegments=\count178
\nofMParguments=\count179
\everyMPshowfont=\toks20
\MPscratchCnt=\count180
\MPscratchDim=\dimen189
\MPnumerator=\count181
\makeMPintoPDFobject=\count182
\everyMPtoPDFconversion=\toks21
)
\big@size=\dimen190
\langwohyphens=\language70
\c@lstlisting=\count183
LaTeX Font Info:    Try loading font information for T1+phv on input line 65.
 (C:\Users\de.student\Desktop\NEW\tex\latex\psnfss\t1phv.fd
File: t1phv.fd 2001/06/04 scalable font definitions for T1/phv.
)
LaTeX Font Info:    Font shape `T1/phv/m/n' will be
(Font)              scaled to size 8.99994pt on input line 65.
LaTeX Font Info:    Font shape `T1/phv/m/n' will be
(Font)              scaled to size 16.19989pt on input line 65.
LaTeX Font Info:    Font shape `T1/phv/m/n' will be
(Font)              scaled to size 32.39978pt on input line 65.
LaTeX Font Info:    Font shape `T1/phv/m/n' will be
(Font)              scaled to size 12.59991pt on input line 65.
 [1


{C:/Users/de.student/AppData/Local/MiKTeX/2.9/pdftex/config/pdftex.map}] [2


] (Vignette_new.toc)
\tf@toc=\write5
 [3] [4

]
Chapter 1.
[5] [6

]
Chapter 2.
LaTeX Font Info:    Try loading font information for OT1+pplx on input line 84.

(C:\Users\de.student\Desktop\NEW\tex\latex\psnfss\ot1pplx.fd
File: ot1pplx.fd 2004/09/06 font definitions for OT1/pplx.
)
LaTeX Font Info:    Try loading font information for OML+zplm on input line 84.


(C:\Users\de.student\Desktop\NEW\tex\latex\psnfss\omlzplm.fd
File: omlzplm.fd 2002/09/08 Fontinst v1.914 font definitions for OML/zplm.
)
LaTeX Font Info:    Try loading font information for OMS+zplm on input line 84.


(C:\Users\de.student\Desktop\NEW\tex\latex\psnfss\omszplm.fd
File: omszplm.fd 2002/09/08 Fontinst v1.914 font definitions for OMS/zplm.
)
LaTeX Font Info:    Try loading font information for OMX+zplm on input line 84.


(C:\Users\de.student\Desktop\NEW\tex\latex\psnfss\omxzplm.fd
File: omxzplm.fd 2002/09/08 Fontinst v1.914 font definitions for OMX/zplm.
)
LaTeX Font Info:    Try loading font information for OT1+zplm on input line 84.


(C:\Users\de.student\Desktop\NEW\tex\latex\psnfss\ot1zplm.fd
File: ot1zplm.fd 2002/09/08 Fontinst v1.914 font definitions for OT1/zplm.
)
LaTeX Font Info:    Font shape `T1/pplj/bx/n' in size <10> not available
(Font)              Font shape `T1/pplj/b/n' tried instead on input line 85.


Package natbib Warning: Citation `ackermann2004' on page 7 undefined on input l
ine 85.

[7]

Package natbib Warning: Citation `hubbell1997' on page 8 undefined on input lin
e 113.

[8]
Chapter 3.

! LaTeX Error: File `flowchart' not found.

See the LaTeX manual or LaTeX Companion for explanation.
Type  H <return>  for immediate help.
 ...                                              
                                                  
l.126 	\includegraphics[width=12cm]{flowchart}
                                               % without file extension
I could not locate the file with any of these extensions:
.png,.pdf,.jpg,.mps,.jpeg,.jbig2,.jb2,.PNG,.PDF,.JPG,.JPEG,.JBIG2,.JB2
Try typing  <return>  to proceed.
If that doesn't work, type  X <return>  to quit.

(C:\Users\de.student\Desktop\NEW\tex\latex\listings\lstmisc.sty
File: lstmisc.sty 2015/06/04 1.6 (Carsten Heinz)
\lstFV@gtempboxa=\box81
)
LaTeX Font Info:    Try loading font information for T1+fvm on input line 142.

(C:\Users\de.student\Desktop\NEW\tex\latex\bera\t1fvm.fd
File: t1fvm.fd 2004/09/07 scalable font definitions for T1/fvm.
)
LaTeX Font Info:    Font shape `T1/fvm/m/n' will be
(Font)              scaled to size 6.80005pt on input line 142.
 [9

] [10]

! LaTeX Error: File `flowchart_plots' not found.

See the LaTeX manual or LaTeX Companion for explanation.
Type  H <return>  for immediate help.
 ...                                              
                                                  
l.276 ...ludegraphics[width=12cm]{flowchart_plots}
                                                   % without file extension
I could not locate the file with any of these extensions:
.png,.pdf,.jpg,.mps,.jpeg,.jbig2,.jb2,.PNG,.PDF,.JPG,.JPEG,.JBIG2,.JB2
Try typing  <return>  to proceed.
If that doesn't work, type  X <return>  to quit.

<figure/unnamed-chunk-10-1.pdf, id=179, 505.89pt x 505.89pt>
File: figure/unnamed-chunk-10-1.pdf Graphic file (type pdf)

<use figure/unnamed-chunk-10-1.pdf>
Package pdftex.def Info: figure/unnamed-chunk-10-1.pdf used on input line 288.
(pdftex.def)             Requested size: 304.44447pt x 304.4472pt.

Overfull \hbox (12.0pt too wide) in paragraph at lines 288--289
[][] 
 []


Underfull \hbox (badness 10000) in paragraph at lines 288--289
 
 []


Underfull \vbox (badness 10000) has occurred while \output is active []

 [11]
<figure/unnamed-chunk-11-1.pdf, id=196, 505.89pt x 505.89pt>
File: figure/unnamed-chunk-11-1.pdf Graphic file (type pdf)

<use figure/unnamed-chunk-11-1.pdf>
Package pdftex.def Info: figure/unnamed-chunk-11-1.pdf used on input line 298.
(pdftex.def)             Requested size: 304.44447pt x 304.4472pt.

Overfull \hbox (12.0pt too wide) in paragraph at lines 298--299
[][] 
 []


Underfull \hbox (badness 10000) in paragraph at lines 298--299
 
 []


Underfull \vbox (badness 10000) has occurred while \output is active []

 [12 <./figure/unnamed-chunk-10-1.pdf>]
<figure/unnamed-chunk-12-1.pdf, id=209, 505.89pt x 505.89pt>
File: figure/unnamed-chunk-12-1.pdf Graphic file (type pdf)

<use figure/unnamed-chunk-12-1.pdf>
Package pdftex.def Info: figure/unnamed-chunk-12-1.pdf used on input line 310.
(pdftex.def)             Requested size: 170.71892pt x 170.71892pt.
 [13 <./figure/unnamed-chunk-11-1.pdf> <./figure/unnamed-chunk-12-1.pdf>]
<figure/unnamed-chunk-13-1.pdf, id=238, 505.89pt x 505.89pt>
File: figure/unnamed-chunk-13-1.pdf Graphic file (type pdf)

<use figure/unnamed-chunk-13-1.pdf>
Package pdftex.def Info: figure/unnamed-chunk-13-1.pdf used on input line 320.
(pdftex.def)             Requested size: 170.71892pt x 170.71892pt.

<figure/unnamed-chunk-14-1.pdf, id=239, 505.89pt x 505.89pt>
File: figure/unnamed-chunk-14-1.pdf Graphic file (type pdf)

<use figure/unnamed-chunk-14-1.pdf>
Package pdftex.def Info: figure/unnamed-chunk-14-1.pdf used on input line 335.
(pdftex.def)             Requested size: 304.44447pt x 304.4472pt.

Overfull \hbox (12.0pt too wide) in paragraph at lines 335--336
[][] 
 []


Underfull \hbox (badness 10000) in paragraph at lines 335--336
 
 []

[14 <./figure/unnamed-chunk-13-1.pdf> <./figure/unnamed-chunk-14-1.pdf>]
[15] [16

]
Chapter 4.

LaTeX Warning: Marginpar on page 17 moved.

LaTeX Font Info:    Try loading font information for TS1+pplj on input line 363
.
(C:\Users\de.student\Desktop\NEW\tex\latex\psnfss\ts1pplj.fd
File: ts1pplj.fd 2004/09/06 font definitions for TS1/pplj.
)
Overfull \hbox (16.74529pt too wide) in paragraph at lines 365--366
[]\T1/pplj/m/n/10 "PhylPool" uses pi-cante::ses.mpd with null.model = "phy-loge
ny.pool"  
 []

[17] (Vignette_new.bbl)

Package natbib Warning: There were undefined citations.

Package atveryend Info: Empty hook `BeforeClearDocument' on input line 385.
Package atveryend Info: Empty hook `AfterLastShipout' on input line 385.
(Vignette_new.aux)
Package atveryend Info: Executing hook `AtVeryEndDocument' on input line 385.
Package atveryend Info: Executing hook `AtEndAfterFileList' on input line 385.
Package rerunfilecheck Info: File `Vignette_new.out' has not changed.
(rerunfilecheck)             Checksum: 28661500532BF00309D12B269E7F1C30;1349.
Package atveryend Info: Empty hook `AtVeryVeryEnd' on input line 385.
 ) 
Here is how much of TeX's memory you used:
 23186 strings out of 493673
 374778 string characters out of 3142350
 692439 words of memory out of 3000000
 26057 multiletter control sequences out of 15000+200000
 69298 words of font info for 103 fonts, out of 3000000 for 9000
 1025 hyphenation exceptions out of 8191
 46i,12n,89p,10421b,1764s stack positions out of 5000i,500n,10000p,200000b,50000s
{C:/Users/de.student/Desktop/NEW/fonts/enc/dvips/fontname/8r.enc}<C:/Users/de
.student/Desktop/NEW/fonts/type1/public/amsfonts/cm/cmr10.pfb><C:/Users/de.stud
ent/Desktop/NEW/fonts/type1/public/amsfonts/cm/cmsy10.pfb><C:/Users/de.student/
Desktop/NEW/fonts/type1/public/mathpazo/fplmr.pfb><C:/Users/de.student/Desktop/
NEW/fonts/type1/public/mathpazo/fplmri.pfb><C:/Users/de.student/Desktop/NEW/fon
ts/type1/public/fpl/fplrc8a.pfb><C:/Users/de.student/Desktop/NEW/fonts/type1/pu
blic/fpl/fplrij8a.pfb><C:/Users/de.student/Desktop/NEW/fonts/type1/bera/fvmr8a.
pfb><C:/Users/de.student/Desktop/NEW/fonts/type1/urw/helvetic/uhvr8a.pfb><C:/Us
ers/de.student/Desktop/NEW/fonts/type1/urw/palatino/uplb8a.pfb><C:/Users/de.stu
dent/Desktop/NEW/fonts/type1/urw/palatino/uplr8a.pfb><C:/Users/de.student/Deskt
op/NEW/fonts/type1/urw/palatino/uplri8a.pfb>
Output written on Vignette_new.pdf (17 pages, 549177 bytes).
PDF statistics:
 343 PDF objects out of 1000 (max. 8388607)
 114 named destinations out of 1000 (max. 500000)
 2674 words of extra memory for PDF output out of 10000 (max. 10000000)

